start[1302655279481] time[1] tag[fillCommonWords]
start[1302655279482] time[347] tag[connect]
start[1302655279481] time[348] tag[Constructor]
start[1302655279834] time[0] tag[hasNumber]
start[1302655279834] time[0] tag[hasNumber]
start[1302655279835] time[0] tag[hasNumber]
start[1302655279835] time[0] tag[hasNumber]
start[1302655279835] time[0] tag[hasNumber]
start[1302655279835] time[0] tag[hasNumber]
start[1302655279835] time[0] tag[hasNumber]
start[1302655279835] time[0] tag[hasNumber]
start[1302655279835] time[0] tag[hasNumber]
start[1302655279835] time[0] tag[hasNumber]
start[1302655279836] time[0] tag[hasNumber]
start[1302655279836] time[0] tag[hasNumber]
start[1302655279836] time[0] tag[hasNumber]
start[1302655279836] time[0] tag[hasNumber]
start[1302655279836] time[0] tag[hasNumber]
start[1302655279837] time[0] tag[hasNumber]
start[1302655279837] time[0] tag[hasNumber]
start[1302655279837] time[0] tag[hasNumber]
start[1302655279837] time[0] tag[hasNumber]
start[1302655279837] time[0] tag[hasNumber]
start[1302655279837] time[0] tag[hasNumber]
start[1302655279837] time[0] tag[hasNumber]
start[1302655279837] time[0] tag[hasNumber]
start[1302655279838] time[0] tag[hasNumber]
start[1302655279838] time[0] tag[hasNumber]
start[1302655279838] time[0] tag[hasNumber]
start[1302655279838] time[0] tag[hasNumber]
start[1302655279838] time[0] tag[hasNumber]
start[1302655279838] time[0] tag[hasNumber]
start[1302655279839] time[0] tag[hasNumber]
start[1302655279839] time[0] tag[hasNumber]
start[1302655279839] time[0] tag[hasNumber]
start[1302655279839] time[0] tag[hasNumber]
start[1302655279839] time[0] tag[hasNumber]
start[1302655279839] time[0] tag[hasNumber]
start[1302655279839] time[0] tag[hasNumber]
start[1302655279839] time[0] tag[hasNumber]
start[1302655279840] time[0] tag[hasNumber]
start[1302655279840] time[0] tag[hasNumber]
start[1302655279840] time[0] tag[hasNumber]
start[1302655279840] time[0] tag[hasNumber]
start[1302655279840] time[0] tag[hasNumber]
start[1302655279840] time[0] tag[hasNumber]
start[1302655279840] time[0] tag[hasNumber]
start[1302655279840] time[0] tag[hasNumber]
start[1302655279841] time[0] tag[hasNumber]
start[1302655279841] time[0] tag[hasNumber]
start[1302655279841] time[0] tag[hasNumber]
start[1302655279841] time[0] tag[hasNumber]
start[1302655279841] time[0] tag[hasNumber]
start[1302655279841] time[0] tag[hasNumber]
start[1302655279841] time[0] tag[hasNumber]
start[1302655279842] time[0] tag[hasNumber]
start[1302655279842] time[0] tag[hasNumber]
start[1302655279842] time[0] tag[hasNumber]
start[1302655279842] time[0] tag[hasNumber]
start[1302655279842] time[0] tag[hasNumber]
start[1302655279842] time[0] tag[hasNumber]
start[1302655279842] time[0] tag[hasNumber]
start[1302655279842] time[0] tag[hasNumber]
start[1302655279842] time[0] tag[hasNumber]
start[1302655279843] time[0] tag[hasNumber]
start[1302655279843] time[0] tag[hasNumber]
start[1302655279843] time[0] tag[hasNumber]
start[1302655279843] time[0] tag[hasNumber]
start[1302655279843] time[0] tag[hasNumber]
start[1302655279843] time[0] tag[hasNumber]
start[1302655279843] time[0] tag[hasNumber]
start[1302655279844] time[0] tag[hasNumber]
start[1302655279844] time[0] tag[hasNumber]
start[1302655279844] time[0] tag[hasNumber]
start[1302655279844] time[0] tag[hasNumber]
start[1302655279844] time[0] tag[hasNumber]
start[1302655279844] time[0] tag[hasNumber]
start[1302655279844] time[0] tag[hasNumber]
start[1302655279845] time[0] tag[hasNumber]
start[1302655279845] time[0] tag[hasNumber]
start[1302655279845] time[0] tag[hasNumber]
start[1302655279846] time[0] tag[hasNumber]
start[1302655279846] time[0] tag[hasNumber]
start[1302655279847] time[0] tag[hasNumber]
start[1302655279847] time[0] tag[hasNumber]
start[1302655279847] time[0] tag[hasNumber]
start[1302655279847] time[0] tag[hasNumber]
start[1302655279847] time[0] tag[hasNumber]
start[1302655279847] time[0] tag[hasNumber]
start[1302655279847] time[0] tag[hasNumber]
start[1302655279847] time[0] tag[hasNumber]
start[1302655279848] time[0] tag[hasNumber]
start[1302655279848] time[0] tag[hasNumber]
start[1302655279848] time[0] tag[hasNumber]
start[1302655279848] time[0] tag[hasNumber]
start[1302655279848] time[0] tag[hasNumber]
start[1302655279848] time[0] tag[hasNumber]
start[1302655279848] time[0] tag[hasNumber]
start[1302655279848] time[0] tag[hasNumber]
start[1302655279848] time[0] tag[hasNumber]
start[1302655279849] time[0] tag[hasNumber]
start[1302655279849] time[0] tag[hasNumber]
start[1302655279849] time[0] tag[hasNumber]
start[1302655279849] time[0] tag[hasNumber]
start[1302655279849] time[0] tag[hasNumber]
start[1302655279849] time[0] tag[hasNumber]
start[1302655279849] time[0] tag[hasNumber]
start[1302655279849] time[0] tag[hasNumber]
start[1302655279850] time[0] tag[hasNumber]
start[1302655279850] time[0] tag[hasNumber]
start[1302655279850] time[0] tag[hasNumber]
start[1302655279850] time[0] tag[hasNumber]
start[1302655279851] time[0] tag[hasNumber]
start[1302655279851] time[0] tag[hasNumber]
start[1302655279851] time[0] tag[hasNumber]
start[1302655279851] time[0] tag[hasNumber]
start[1302655279851] time[0] tag[hasNumber]
start[1302655279851] time[0] tag[hasNumber]
start[1302655279851] time[0] tag[hasNumber]
start[1302655279851] time[0] tag[hasNumber]
start[1302655279852] time[0] tag[hasNumber]
start[1302655279852] time[0] tag[hasNumber]
start[1302655279852] time[0] tag[hasNumber]
start[1302655279852] time[0] tag[hasNumber]
start[1302655279852] time[0] tag[hasNumber]
start[1302655279852] time[0] tag[hasNumber]
start[1302655279852] time[0] tag[hasNumber]
start[1302655279852] time[0] tag[hasNumber]
start[1302655279852] time[0] tag[hasNumber]
start[1302655279853] time[0] tag[hasNumber]
start[1302655279853] time[0] tag[hasNumber]
start[1302655279853] time[0] tag[hasNumber]
start[1302655279853] time[0] tag[hasNumber]
start[1302655279853] time[0] tag[hasNumber]
start[1302655279853] time[0] tag[hasNumber]
start[1302655279853] time[0] tag[hasNumber]
start[1302655279853] time[0] tag[hasNumber]
start[1302655279853] time[0] tag[hasNumber]
start[1302655279854] time[0] tag[hasNumber]
start[1302655279833] time[21] tag[classify]
start[1302655279854] time[19] tag[isCorrect]
start[1302655279874] time[1] tag[isCorrect]
start[1302655279875] time[2] tag[isCorrect]
start[1302655279877] time[0] tag[isCorrect]
start[1302655279878] time[1] tag[isCorrect]
start[1302655279880] time[2] tag[isCorrect]
start[1302655279883] time[0] tag[isCorrect]
start[1302655279887] time[3] tag[isCorrect]
start[1302655279892] time[0] tag[isCorrect]
start[1302655279892] time[2] tag[isCorrect]
start[1302655279895] time[8] tag[isCorrect]
start[1302655279904] time[0] tag[isCorrect]
start[1302655279904] time[2] tag[isCorrect]
start[1302655279906] time[0] tag[isCorrect]
start[1302655279908] time[1] tag[isCorrect]
start[1302655279910] time[2] tag[isCorrect]
start[1302655279914] time[2] tag[isCorrect]
start[1302655279917] time[2] tag[isCorrect]
start[1302655279920] time[1] tag[isCorrect]
start[1302655279922] time[0] tag[isCorrect]
start[1302655279922] time[4] tag[isCorrect]
start[1302655279928] time[0] tag[isCorrect]
start[1302655279929] time[4] tag[isCorrect]
start[1302655279934] time[1] tag[isCorrect]
start[1302655279936] time[1] tag[isCorrect]
start[1302655279939] time[13] tag[addWrongWordToDB]
start[1302655279952] time[2] tag[isCorrect]
start[1302655279955] time[0] tag[isCorrect]
start[1302655279955] time[0] tag[isCorrect]
start[1302655279955] time[1] tag[isCorrect]
start[1302655279957] time[0] tag[isCorrect]
start[1302655279957] time[1] tag[isCorrect]
start[1302655279958] time[1] tag[isCorrect]
start[1302655279959] time[2] tag[isCorrect]
start[1302655279961] time[0] tag[isCorrect]
start[1302655279961] time[1] tag[isCorrect]
start[1302655279963] time[1] tag[isCorrect]
start[1302655279964] time[1] tag[isCorrect]
start[1302655279965] time[1] tag[addWrongWordToDB]
start[1302655279966] time[1] tag[isCorrect]
start[1302655279967] time[0] tag[isCorrect]
start[1302655279967] time[1] tag[isCorrect]
start[1302655279968] time[1] tag[isCorrect]
start[1302655279970] time[2] tag[isCorrect]
start[1302655279973] time[0] tag[isCorrect]
start[1302655279973] time[1] tag[isCorrect]
start[1302655279974] time[0] tag[isCorrect]
start[1302655279974] time[0] tag[isCorrect]
start[1302655279975] time[0] tag[isCorrect]
start[1302655279975] time[0] tag[isCorrect]
start[1302655279975] time[0] tag[isCorrect]
start[1302655279975] time[1] tag[addWrongWordToDB]
start[1302655279976] time[0] tag[isCorrect]
start[1302655279976] time[0] tag[isCorrect]
start[1302655279976] time[1] tag[isCorrect]
start[1302655279977] time[0] tag[isCorrect]
start[1302655279977] time[0] tag[isCorrect]
start[1302655279977] time[0] tag[isCorrect]
start[1302655279977] time[1] tag[isCorrect]
start[1302655279978] time[0] tag[isCorrect]
start[1302655279978] time[1] tag[isCorrect]
start[1302655279979] time[0] tag[isCorrect]
start[1302655279979] time[0] tag[isCorrect]
start[1302655279979] time[0] tag[isCorrect]
start[1302655279980] time[0] tag[isCorrect]
start[1302655279981] time[0] tag[isCorrect]
start[1302655279981] time[0] tag[isCorrect]
start[1302655279982] time[0] tag[isCorrect]
start[1302655279982] time[0] tag[isCorrect]
start[1302655279983] time[0] tag[isCorrect]
start[1302655279983] time[0] tag[isCorrect]
start[1302655279983] time[0] tag[isCorrect]
start[1302655279983] time[0] tag[isCorrect]
start[1302655279984] time[0] tag[isCorrect]
start[1302655279984] time[0] tag[isCorrect]
start[1302655279984] time[0] tag[isCorrect]
start[1302655279985] time[0] tag[isCorrect]
start[1302655279985] time[1] tag[addWrongWordToDB]
start[1302655279986] time[0] tag[isCorrect]
start[1302655279986] time[0] tag[isCorrect]
start[1302655279987] time[0] tag[isCorrect]
start[1302655279987] time[1] tag[isCorrect]
start[1302655279988] time[1] tag[isCorrect]
start[1302655279989] time[0] tag[isCorrect]
start[1302655279989] time[1] tag[isCorrect]
start[1302655279990] time[1] tag[addWrongWordToDB]
start[1302655279991] time[0] tag[isCorrect]
start[1302655279991] time[0] tag[isCorrect]
start[1302655279991] time[0] tag[isCorrect]
start[1302655279992] time[1] tag[isCorrect]
start[1302655279993] time[0] tag[addWrongWordToDB]
start[1302655279993] time[1] tag[isCorrect]
start[1302655279994] time[0] tag[isCorrect]
start[1302655279994] time[0] tag[isCorrect]
start[1302655279994] time[0] tag[isCorrect]
start[1302655279995] time[0] tag[isCorrect]
start[1302655279995] time[0] tag[isCorrect]
start[1302655279995] time[1] tag[isCorrect]
start[1302655279996] time[0] tag[isCorrect]
start[1302655279996] time[1] tag[addWrongWordToDB]
start[1302655279997] time[0] tag[isCorrect]
start[1302655279997] time[1] tag[isCorrect]
start[1302655279998] time[0] tag[isCorrect]
start[1302655279998] time[1] tag[isCorrect]
start[1302655279999] time[0] tag[isCorrect]
start[1302655279999] time[0] tag[isCorrect]
start[1302655279999] time[0] tag[addWrongWordToDB]
start[1302655279999] time[0] tag[isCorrect]
start[1302655279999] time[0] tag[isCorrect]
start[1302655280000] time[0] tag[isCorrect]
start[1302655280000] time[1] tag[isCorrect]
start[1302655280001] time[0] tag[isCorrect]
start[1302655280001] time[0] tag[isCorrect]
start[1302655280001] time[0] tag[isCorrect]
start[1302655280001] time[1] tag[isCorrect]
start[1302655280002] time[0] tag[addWrongWordToDB]
start[1302655280002] time[1] tag[isCorrect]
start[1302655280003] time[0] tag[isCorrect]
start[1302655280003] time[0] tag[isCorrect]
start[1302655280004] time[0] tag[isCorrect]
start[1302655280005] time[0] tag[isCorrect]
start[1302655280005] time[0] tag[isCorrect]
start[1302655280006] time[0] tag[isCorrect]
start[1302655280006] time[0] tag[isCorrect]
start[1302655280007] time[0] tag[addWrongWordToDB]
start[1302655280007] time[1] tag[isCorrect]
start[1302655280008] time[0] tag[addWrongWordToDB]
start[1302655280008] time[1] tag[isCorrect]
start[1302655280009] time[2] tag[addWrongWordToDB]
start[1302655280011] time[0] tag[isCorrect]
start[1302655280011] time[1] tag[isCorrect]
start[1302655280012] time[0] tag[addWrongWordToDB]
start[1302655280013] time[0] tag[isCorrect]
start[1302655280013] time[1] tag[addWrongWordToDB]
start[1302655280014] time[0] tag[isCorrect]
start[1302655280014] time[0] tag[isCorrect]
start[1302655280014] time[1] tag[isCorrect]
start[1302655280015] time[1] tag[isCorrect]
start[1302655280016] time[0] tag[isCorrect]
start[1302655280016] time[0] tag[isCorrect]
start[1302655280016] time[1] tag[isCorrect]
start[1302655280017] time[0] tag[isCorrect]
start[1302655280018] time[0] tag[isCorrect]
start[1302655280018] time[0] tag[isCorrect]
start[1302655280018] time[0] tag[isCorrect]
start[1302655280018] time[0] tag[isCorrect]
start[1302655280019] time[0] tag[isCorrect]
start[1302655280019] time[0] tag[isCorrect]
start[1302655280019] time[1] tag[isCorrect]
start[1302655280020] time[0] tag[isCorrect]
start[1302655280021] time[0] tag[addWrongWordToDB]
start[1302655279854] time[167] tag[check]